[2025-03-20 18:37:12,283: INFO: common: yamal file: config\config.yaml loaded succesfully]
[2025-03-20 18:37:12,292: INFO: common: yamal file: params.yaml loaded succesfully]
[2025-03-20 18:37:12,299: INFO: common: created directory at: artifacts]
[2025-03-20 18:37:12,307: INFO: common: created directory at: artifacts/data_ingestion]
[2025-03-20 18:37:16,166: INFO: 1878340992: artifacts/data_ingestion/data.zip download! with following info: 
Connection: close
Content-Length: 7903594
Cache-Control: max-age=300
Content-Security-Policy: default-src 'none'; style-src 'unsafe-inline'; sandbox
Content-Type: application/zip
ETag: "dbc016a060da18070593b83afff580c9b300f0b6ea4147a7988433e04df246ca"
Strict-Transport-Security: max-age=31536000
X-Content-Type-Options: nosniff
X-Frame-Options: deny
X-XSS-Protection: 1; mode=block
X-GitHub-Request-Id: AA83:3ECF11:ED1BC:2204B4:67DC0C45
Accept-Ranges: bytes
Date: Thu, 20 Mar 2025 13:05:46 GMT
Via: 1.1 varnish
X-Served-By: cache-hyd1100024-HYD
X-Cache: HIT
X-Cache-Hits: 0
X-Timer: S1742475946.005618,VS0,VE245
Vary: Authorization,Accept-Encoding,Origin
Access-Control-Allow-Origin: *
Cross-Origin-Resource-Policy: cross-origin
X-Fastly-Request-ID: 3cb561a60d6f45c788e04e73e14b954cfb370523
Expires: Thu, 20 Mar 2025 13:10:46 GMT
Source-Age: 0

]
